<?xml version="1.0" encoding="UTF-8"?>
<testsuite xmlns:xsi="http://www.w3.org/2001/XMLSchema-instance" xsi:noNamespaceSchemaLocation="https://maven.apache.org/surefire/maven-surefire-plugin/xsd/surefire-test-report-3.0.xsd" version="3.0" name="pl.akademiaqa.tests.space.CreateSpaceTest" time="5.63" tests="1" errors="0" skipped="0" failures="0">
  <properties>
[...]
</properties>
  <testcase name="createSpaceTest" classname="pl.akademiaqa.tests.space.CreateSpaceTest" time="5.534">
    <system-out><![CDATA[Request method:	POST
Request URI:	https://api.clickup.com/api/v2/team/9005016801/space
Proxy:			<none>
Request params:	<none>
Query params:	<none>
Form params:	<none>
Path params:	<none>
Headers:		Authorization=pk_44666415_BQ3MDY22FN79DULVOS49C7RI9UT3LO73
				Accept=*/*
				Content-Type=application/json
Cookies:		<none>
Multiparts:		<none>
Body:
{
    "name": "JAVA SPACE1"
}
HTTP/1.1 200 OK
Date: Thu, 08 Feb 2024 13:10:34 GMT
Content-Type: application/json; charset=utf-8
Transfer-Encoding: chunked
Connection: keep-alive
Server: nginx
x-dns-prefetch-control: off
expect-ct: max-age=0
strict-transport-security: max-age=31536000; includeSubDomains
x-download-options: noopen
x-content-type-options: nosniff
x-permitted-cross-domain-policies: none
x-xss-protection: 0
access-control-allow-origin: *
access-control-allow-credentials: true
content-language: en-US
x-datadog-trace-id: 1347700555948758720
content-security-policy: frame-ancestors 'self'
cache-control: no-cache, no-store
pragma: no-cache
expires: 0
x-ratelimit-limit: 100
x-ratelimit-remaining: 99
x-ratelimit-reset: 1707397894
Timing-Allow-Origin: *
content-encoding: gzip
x-received-from: shard-prod-eu-west-1-2

{
    "id": "90120427229",
    "name": "JAVA SPACE1",
    "color": null,
    "private": false,
    "avatar": null,
    "admin_can_manage": null,
    "statuses": [
        {
            "id": "p90120427229_Evh8TO2n",
            "status": "to do",
            "type": "open",
            "orderindex": 0,
            "color": "#87909e"
        },
        {
            "id": "p90120427229_1rvvxaXI",
            "status": "complete",
            "type": "closed",
            "orderindex": 1,
            "color": "#008844"
        }
    ],
    "multiple_assignees": false,
    "features": {
        "due_dates": {
            "enabled": true,
            "start_date": true,
            "remap_due_dates": true,
            "remap_closed_due_date": false
        },
        "sprints": {
            "enabled": false
        },
        "points": {
            "enabled": false
        },
        "custom_items": {
            "enabled": false
        },
        "checklists": {
            "enabled": true
        },
        "zoom": {
            "enabled": false
        },
        "milestones": {
            "enabled": false
        },
        "remap_dependencies": {
            "enabled": true
        },
        "dependency_warning": {
            "enabled": true
        },
        "status_pies": {
            "enabled": true
        },
        "emails": {
            "enabled": true
        }
    },
    "archived": false
}
Request method:	DELETE
Request URI:	https://api.clickup.com/api/v2/space/90120427229
Proxy:			<none>
Request params:	<none>
Query params:	<none>
Form params:	<none>
Path params:	<none>
Headers:		Authorization=pk_44666415_BQ3MDY22FN79DULVOS49C7RI9UT3LO73
				Accept=*/*
				Content-Type=application/json
Cookies:		<none>
Multiparts:		<none>
Body:			<none>
HTTP/1.1 200 OK
Date: Thu, 08 Feb 2024 13:10:35 GMT
Content-Type: application/json; charset=utf-8
Content-Length: 2
Connection: keep-alive
Server: nginx
x-dns-prefetch-control: off
expect-ct: max-age=0
strict-transport-security: max-age=31536000; includeSubDomains
x-download-options: noopen
x-content-type-options: nosniff
x-permitted-cross-domain-policies: none
x-xss-protection: 0
access-control-allow-origin: *
access-control-allow-credentials: true
content-language: en-US
x-datadog-trace-id: 9043130855996694912
content-security-policy: frame-ancestors 'self'
cache-control: no-cache, no-store
pragma: no-cache
expires: 0
x-ratelimit-limit: 100
x-ratelimit-remaining: 98
x-ratelimit-reset: 1707397894
Timing-Allow-Origin: *
x-received-from: shard-prod-eu-west-1-2

{
    
}
]]></system-out>
  </testcase>
</testsuite>